RUN	DonationSimulation	donationsimulation	1701508759447	prueba	3.9.5
USER	DonationSimulation	START	1701508761197
USER	DonationSimulation	START	1701508761197
USER	DonationSimulation	START	1701508761197
USER	DonationSimulation	START	1701508761199
USER	DonationSimulation	START	1701508761249
USER	DonationSimulation	START	1701508761297
USER	DonationSimulation	START	1701508761349
USER	DonationSimulation	START	1701508761398
USER	DonationSimulation	START	1701508761448
USER	DonationSimulation	START	1701508761496
USER	DonationSimulation	START	1701508761549
USER	DonationSimulation	START	1701508761599
USER	DonationSimulation	START	1701508761668
USER	DonationSimulation	START	1701508761699
USER	DonationSimulation	START	1701508761767
USER	DonationSimulation	START	1701508761798
USER	DonationSimulation	START	1701508761848
USER	DonationSimulation	START	1701508761899
USER	DonationSimulation	START	1701508761948
USER	DonationSimulation	START	1701508762008
REQUEST		Open donation page	1701508761080	1701508762372	OK	 
REQUEST		Open donation page	1701508761198	1701508762383	OK	 
REQUEST		Open donation page	1701508761247	1701508762372	OK	 
REQUEST		Open donation page	1701508761296	1701508762417	OK	 
REQUEST		Open donation page	1701508761135	1701508762417	OK	 
REQUEST		Open donation page	1701508761061	1701508762426	OK	 
REQUEST		Open donation page	1701508761349	1701508762447	OK	 
REQUEST		Open donation page	1701508761397	1701508762498	OK	 
REQUEST		Open donation page	1701508761447	1701508762515	OK	 
REQUEST		Open donation page	1701508761599	1701508762548	OK	 
REQUEST		Open donation page	1701508761548	1701508762563	OK	 
REQUEST		Open donation page	1701508761495	1701508762628	OK	 
REQUEST		Open donation page	1701508761666	1701508762703	OK	 
REQUEST		Open donation page	1701508761797	1701508762716	OK	 
REQUEST		Open donation page	1701508761698	1701508762725	OK	 
REQUEST		Open donation page	1701508761767	1701508762783	OK	 
REQUEST		Open donation page	1701508761847	1701508762891	OK	 
REQUEST		Open donation page	1701508761899	1701508762907	OK	 
REQUEST		Open donation page	1701508762008	1701508762957	OK	 
REQUEST		Open donation page	1701508761947	1701508762968	OK	 
REQUEST		Submit donation	1701508763430	1701508764082	OK	 
REQUEST		Submit donation	1701508763401	1701508764084	OK	 
REQUEST		Submit donation	1701508763401	1701508764140	OK	 
REQUEST		Submit donation	1701508763735	1701508764149	OK	 
REQUEST		Submit donation	1701508763430	1701508764158	OK	 
REQUEST		Submit donation	1701508763401	1701508764159	OK	 
REQUEST		Submit donation	1701508763914	1701508764161	OK	 
REQUEST		Submit donation	1701508763449	1701508764236	OK	 
REQUEST		Submit donation	1701508763575	1701508764248	OK	 
REQUEST		Submit donation	1701508763793	1701508764250	OK	 
REQUEST		Submit donation	1701508763430	1701508764298	OK	 
REQUEST		Submit donation	1701508763514	1701508764299	OK	 
REQUEST		Submit donation	1701508763897	1701508764352	OK	 
REQUEST		Submit donation	1701508763529	1701508764394	OK	 
REQUEST		Submit donation	1701508763562	1701508764425	OK	 
REQUEST		Submit donation	1701508763630	1701508764425	OK	 
REQUEST		Submit donation	1701508763715	1701508764471	OK	 
REQUEST		Submit donation	1701508763735	1701508764475	OK	 
REQUEST		Submit donation	1701508763964	1701508764573	OK	 
REQUEST		Submit donation	1701508763979	1701508764613	OK	 
USER	DonationSimulation	START	1701508766031
USER	DonationSimulation	START	1701508766094
USER	DonationSimulation	START	1701508766131
USER	DonationSimulation	START	1701508766194
USER	DonationSimulation	START	1701508766234
USER	DonationSimulation	START	1701508766282
USER	DonationSimulation	START	1701508766343
USER	DonationSimulation	START	1701508766382
USER	DonationSimulation	START	1701508766432
USER	DonationSimulation	START	1701508766490
USER	DonationSimulation	START	1701508766533
USER	DonationSimulation	START	1701508766597
USER	DonationSimulation	START	1701508766633
USER	DonationSimulation	START	1701508766682
USER	DonationSimulation	START	1701508766749
USER	DonationSimulation	START	1701508766796
USER	DonationSimulation	START	1701508766847
USER	DonationSimulation	START	1701508766884
USER	DonationSimulation	START	1701508766941
USER	DonationSimulation	START	1701508766982
REQUEST		Open donation page	1701508766094	1701508767083	OK	 
REQUEST		Open donation page	1701508766030	1701508767125	OK	 
REQUEST		Open donation page	1701508766130	1701508767128	OK	 
REQUEST		Open donation page	1701508766281	1701508767217	OK	 
REQUEST		Open donation page	1701508766194	1701508767247	OK	 
REQUEST		Open donation page	1701508766234	1701508767267	OK	 
REQUEST		Open donation page	1701508766342	1701508767351	OK	 
REQUEST		Open donation page	1701508766382	1701508767412	OK	 
REQUEST		Open donation page	1701508766432	1701508767436	OK	 
REQUEST		Open donation page	1701508766489	1701508767440	OK	 
REQUEST		Open donation page	1701508766532	1701508767469	OK	 
REQUEST		Open donation page	1701508766632	1701508767577	OK	 
REQUEST		Open donation page	1701508766596	1701508767617	OK	 
REQUEST		Open donation page	1701508766682	1701508767628	OK	 
REQUEST		Open donation page	1701508766748	1701508767709	OK	 
REQUEST		Open donation page	1701508766846	1701508767798	OK	 
REQUEST		Open donation page	1701508766796	1701508767822	OK	 
REQUEST		Open donation page	1701508766883	1701508767826	OK	 
REQUEST		Open donation page	1701508766940	1701508767911	OK	 
REQUEST		Open donation page	1701508766982	1701508767993	OK	 
REQUEST		Submit donation	1701508768130	1701508768449	OK	 
REQUEST		Submit donation	1701508768249	1701508768528	OK	 
REQUEST		Submit donation	1701508768097	1701508768543	OK	 
REQUEST		Submit donation	1701508768232	1701508768560	OK	 
REQUEST		Submit donation	1701508768130	1701508768578	OK	 
REQUEST		Submit donation	1701508768413	1701508768726	OK	 
REQUEST		Submit donation	1701508768281	1701508768748	OK	 
REQUEST		Submit donation	1701508768365	1701508768794	OK	 
REQUEST		Submit donation	1701508768448	1701508768808	OK	 
REQUEST		Submit donation	1701508768448	1701508768894	OK	 
REQUEST		Submit donation	1701508768581	1701508768903	OK	 
REQUEST		Submit donation	1701508768632	1701508768920	OK	 
REQUEST		Submit donation	1701508768479	1701508768935	OK	 
REQUEST		Submit donation	1701508768632	1701508768990	OK	 
REQUEST		Submit donation	1701508768715	1701508769017	OK	 
REQUEST		Submit donation	1701508768807	1701508769083	OK	 
USER	DonationSimulation	END	1701508769107
USER	DonationSimulation	END	1701508769107
USER	DonationSimulation	END	1701508769146
USER	DonationSimulation	END	1701508769162
USER	DonationSimulation	END	1701508769162
USER	DonationSimulation	END	1701508769162
USER	DonationSimulation	END	1701508769165
REQUEST		Submit donation	1701508768916	1701508769176	OK	 
USER	DonationSimulation	END	1701508769257
USER	DonationSimulation	END	1701508769258
USER	DonationSimulation	END	1701508769258
REQUEST		Submit donation	1701508768838	1701508769258	OK	 
REQUEST		Submit donation	1701508768998	1701508769267	OK	 
USER	DonationSimulation	END	1701508769310
USER	DonationSimulation	END	1701508769310
REQUEST		Submit donation	1701508768823	1701508769337	OK	 
USER	DonationSimulation	END	1701508769366
USER	DonationSimulation	END	1701508769398
USER	DonationSimulation	END	1701508769438
USER	DonationSimulation	END	1701508769438
USER	DonationSimulation	END	1701508769486
USER	DonationSimulation	END	1701508769486
USER	DonationSimulation	END	1701508769580
USER	DonationSimulation	END	1701508769615
USER	DonationSimulation	END	1701508773454
USER	DonationSimulation	END	1701508773532
USER	DonationSimulation	END	1701508773558
USER	DonationSimulation	END	1701508773565
USER	DonationSimulation	END	1701508773581
USER	DonationSimulation	END	1701508773729
USER	DonationSimulation	END	1701508773764
USER	DonationSimulation	END	1701508773797
USER	DonationSimulation	END	1701508773814
USER	DonationSimulation	END	1701508773897
USER	DonationSimulation	END	1701508773914
USER	DonationSimulation	END	1701508773928
USER	DonationSimulation	END	1701508773943
USER	DonationSimulation	END	1701508773998
USER	DonationSimulation	END	1701508774032
USER	DonationSimulation	END	1701508774095
USER	DonationSimulation	END	1701508774180
USER	DonationSimulation	END	1701508774271
USER	DonationSimulation	END	1701508774272
USER	DonationSimulation	END	1701508774350
